d:\cocos2dx_example\workplace\network\proj.win32\debug.win32\main.obj
d:\cocos2dx_example\workplace\network\proj.win32\debug.win32\helloworldscene.obj
d:\cocos2dx_example\workplace\network\proj.win32\debug.win32\appdelegate.obj
d:\cocos2dx_example\workplace\network\proj.win32\debug.win32\odsocket.obj
d:\cocos2dx_example\workplace\network\proj.win32\debug.win32\queue.obj
d:\cocos2dx_example\workplace\network\proj.win32\debug.win32\pocket.obj
d:\cocos2dx_example\workplace\network\proj.win32\debug.win32\tcpmsg.obj
d:\cocos2dx_example\workplace\network\proj.win32\debug.win32\talkbox.obj
d:\cocos2dx_example\workplace\network\proj.win32\debug.win32\vc120.pdb
d:\cocos2dx_example\workplace\network\proj.win32\debug.win32\network.ilk
d:\cocos2dx_example\workplace\network\proj.win32\debug.win32\network.exe
d:\cocos2dx_example\workplace\network\proj.win32\debug.win32\network.pdb
d:\cocos2dx_example\workplace\network\proj.win32\debug.win32\network.lib
d:\cocos2dx_example\workplace\network\proj.win32\debug.win32\network.exp
d:\cocos2dx_example\workplace\network\proj.win32\network.cab
d:\cocos2dx_example\workplace\network\proj.win32\debug.win32\game.res
d:\cocos2dx_example\workplace\network\proj.win32\debug.win32\vc120.idb
d:\cocos2dx_example\workplace\network\proj.win32\debug.win32\network.tlog\cl.command.1.tlog
d:\cocos2dx_example\workplace\network\proj.win32\debug.win32\network.tlog\cl.read.1.tlog
d:\cocos2dx_example\workplace\network\proj.win32\debug.win32\network.tlog\cl.write.1.tlog
d:\cocos2dx_example\workplace\network\proj.win32\debug.win32\network.tlog\link.command.1.tlog
d:\cocos2dx_example\workplace\network\proj.win32\debug.win32\network.tlog\link.read.1.tlog
d:\cocos2dx_example\workplace\network\proj.win32\debug.win32\network.tlog\link.write.1.tlog
d:\cocos2dx_example\workplace\network\proj.win32\debug.win32\network.tlog\network.write.1u.tlog
d:\cocos2dx_example\workplace\network\proj.win32\debug.win32\network.tlog\rc.command.1.tlog
d:\cocos2dx_example\workplace\network\proj.win32\debug.win32\network.tlog\rc.read.1.tlog
d:\cocos2dx_example\workplace\network\proj.win32\debug.win32\network.tlog\rc.write.1.tlog
